2024-09-10 09:56:22,279 - INFO - /Users/amalvatsa/Desktop/eth_tracker_project/tracker/utils.py changed, reloading.
2024-09-10 10:00:07,417 - INFO - Scanning blocks from 20719479 to 20719478...
2024-09-10 10:00:08,151 - ERROR - An RPC error was returned by the node. Check the message provided in the error and any available logs for more information.
2024-09-10 10:00:08,151 - ERROR - Error during block scanning: {'code': -32000, 'message': 'One of the blocks specified in filter (fromBlock, toBlock or blockHash) cannot be found.'}
2024-09-10 10:00:18,553 - INFO - Scanning blocks from 20719479 to 20719479...
2024-09-10 10:01:31,921 - INFO - Scanning blocks from 20719486 to 20719485...
2024-09-10 10:01:32,560 - ERROR - An RPC error was returned by the node. Check the message provided in the error and any available logs for more information.
2024-09-10 10:01:32,560 - ERROR - Error during block scanning: {'code': -32000, 'message': 'One of the blocks specified in filter (fromBlock, toBlock or blockHash) cannot be found.'}
2024-09-10 10:01:42,897 - INFO - Scanning blocks from 20719486 to 20719486...
2024-09-10 10:01:49,920 - INFO - Scanning blocks from 20719487 to 20719487...
2024-09-10 10:01:56,353 - INFO - Scanning blocks from 20719488 to 20719487...
2024-09-10 10:01:56,958 - ERROR - An RPC error was returned by the node. Check the message provided in the error and any available logs for more information.
2024-09-10 10:01:56,958 - ERROR - Error during block scanning: {'code': -32000, 'message': 'One of the blocks specified in filter (fromBlock, toBlock or blockHash) cannot be found.'}
2024-09-10 10:02:07,273 - INFO - Scanning blocks from 20719488 to 20719488...
2024-09-10 10:02:13,238 - INFO - Scanning blocks from 20719489 to 20719488...
2024-09-10 10:02:13,772 - ERROR - An RPC error was returned by the node. Check the message provided in the error and any available logs for more information.
2024-09-10 10:02:13,772 - ERROR - Error during block scanning: {'code': -32000, 'message': 'One of the blocks specified in filter (fromBlock, toBlock or blockHash) cannot be found.'}
2024-09-10 10:02:24,063 - INFO - Scanning blocks from 20719489 to 20719489...
2024-09-10 10:02:24,602 - INFO - Detected deposit event in block 20719489
2024-09-10 10:02:24,602 - ERROR - Error during block scanning: name 'process_deposit_event' is not defined
2024-09-10 10:02:35,082 - INFO - Scanning blocks from 20719489 to 20719490...
2024-09-10 10:02:35,691 - INFO - Detected deposit event in block 20719489
2024-09-10 10:02:35,692 - ERROR - Error during block scanning: name 'process_deposit_event' is not defined
2024-09-10 10:02:46,070 - INFO - Scanning blocks from 20719489 to 20719491...
2024-09-10 10:02:46,674 - INFO - Detected deposit event in block 20719489
2024-09-10 10:02:46,675 - ERROR - Error during block scanning: name 'process_deposit_event' is not defined
2024-09-10 10:02:57,116 - INFO - Scanning blocks from 20719489 to 20719492...
2024-09-10 10:02:57,665 - INFO - Detected deposit event in block 20719489
2024-09-10 10:02:57,665 - ERROR - Error during block scanning: name 'process_deposit_event' is not defined
2024-09-10 10:03:07,931 - INFO - Scanning blocks from 20719489 to 20719493...
2024-09-10 10:03:08,473 - INFO - Detected deposit event in block 20719489
2024-09-10 10:03:08,474 - ERROR - Error during block scanning: name 'process_deposit_event' is not defined
2024-09-10 10:03:18,928 - INFO - Scanning blocks from 20719489 to 20719494...
2024-09-10 10:03:20,158 - INFO - Detected deposit event in block 20719489
2024-09-10 10:03:20,159 - ERROR - Error during block scanning: name 'process_deposit_event' is not defined
2024-09-10 10:03:31,157 - INFO - Scanning blocks from 20719489 to 20719495...
2024-09-10 10:03:31,926 - INFO - Detected deposit event in block 20719489
2024-09-10 10:03:31,926 - ERROR - Error during block scanning: name 'process_deposit_event' is not defined
2024-09-10 10:03:42,591 - INFO - Scanning blocks from 20719489 to 20719496...
2024-09-10 10:03:43,314 - INFO - Detected deposit event in block 20719489
2024-09-10 10:03:43,315 - ERROR - Error during block scanning: name 'process_deposit_event' is not defined
2024-09-10 10:03:53,602 - INFO - Scanning blocks from 20719489 to 20719497...
2024-09-10 10:03:54,211 - INFO - Detected deposit event in block 20719489
2024-09-10 10:03:54,211 - ERROR - Error during block scanning: name 'process_deposit_event' is not defined
2024-09-10 10:04:04,478 - INFO - Scanning blocks from 20719489 to 20719498...
2024-09-10 10:04:05,074 - INFO - Detected deposit event in block 20719489
2024-09-10 10:04:05,074 - ERROR - Error during block scanning: name 'process_deposit_event' is not defined
2024-09-10 10:04:09,190 - INFO - /Users/amalvatsa/Desktop/eth_tracker_project/tracker/utils.py changed, reloading.
2024-09-10 10:04:36,306 - INFO - /Users/amalvatsa/Desktop/eth_tracker_project/tracker/utils.py changed, reloading.
2024-09-10 10:05:17,549 - INFO - Scanning blocks from 20719505 to 20719504...
2024-09-10 10:05:18,426 - ERROR - An RPC error was returned by the node. Check the message provided in the error and any available logs for more information.
2024-09-10 10:05:18,427 - ERROR - Error during block scanning: {'code': -32000, 'message': 'One of the blocks specified in filter (fromBlock, toBlock or blockHash) cannot be found.'}
2024-09-10 10:05:28,777 - INFO - Scanning blocks from 20719505 to 20719505...
2024-09-10 10:05:28,969 - ERROR - Error during block scanning: sent 1000 (OK); then received 1000 (OK)
2024-09-10 10:05:41,159 - INFO - Scanning blocks from 20719505 to 20719506...
2024-09-10 10:05:47,917 - INFO - Scanning blocks from 20719507 to 20719506...
2024-09-10 10:05:48,905 - ERROR - An RPC error was returned by the node. Check the message provided in the error and any available logs for more information.
2024-09-10 10:05:48,905 - ERROR - Error during block scanning: {'code': -32000, 'message': 'One of the blocks specified in filter (fromBlock, toBlock or blockHash) cannot be found.'}
2024-09-10 10:05:58,909 - INFO - /Users/amalvatsa/Desktop/eth_tracker_project/tracker/utils.py changed, reloading.
2024-09-10 10:07:51,413 - INFO - Scanning blocks from 20719518 to 20719517...
2024-09-10 10:07:59,047 - INFO - Scanning blocks from 20719518 to 20719517...
2024-09-10 10:08:07,081 - INFO - Scanning blocks from 20719518 to 20719518...
2024-09-10 10:08:07,083 - INFO - Scanning block 20719518...
2024-09-10 10:08:14,363 - INFO - Scanning blocks from 20719518 to 20719519...
2024-09-10 10:08:14,363 - INFO - Scanning block 20719518...
2024-09-10 10:08:14,715 - INFO - Scanning block 20719519...
2024-09-10 10:08:15,169 - INFO - Valid deposit detected: e6b2eee357c9c35eae3c76e7ae7bcc5e07016f50df19c0fdde32b1f7c9bea3d1, value: 32 ETH
2024-09-10 10:08:16,003 - INFO - Deposit saved: e6b2eee357c9c35eae3c76e7ae7bcc5e07016f50df19c0fdde32b1f7c9bea3d1 from 0x5a0036bcaB4501E70F086C634e2958A8BeaE3a11, amount: 32 ETH
2024-09-10 10:08:23,001 - INFO - Scanning blocks from 20719519 to 20719519...
2024-09-10 10:08:23,001 - INFO - Scanning block 20719519...
2024-09-10 10:08:23,516 - INFO - Valid deposit detected: e6b2eee357c9c35eae3c76e7ae7bcc5e07016f50df19c0fdde32b1f7c9bea3d1, value: 32 ETH
2024-09-10 10:08:24,234 - INFO - Deposit already exists: e6b2eee357c9c35eae3c76e7ae7bcc5e07016f50df19c0fdde32b1f7c9bea3d1
2024-09-10 10:08:31,330 - INFO - Scanning blocks from 20719520 to 20719520...
2024-09-10 10:08:31,330 - INFO - Scanning block 20719520...
2024-09-10 10:08:39,612 - INFO - Scanning blocks from 20719520 to 20719521...
2024-09-10 10:08:39,612 - INFO - Scanning block 20719520...
2024-09-10 10:08:40,077 - INFO - Scanning block 20719521...
2024-09-10 10:08:47,098 - INFO - Scanning blocks from 20719521 to 20719521...
2024-09-10 10:08:47,098 - INFO - Scanning block 20719521...
2024-09-10 10:08:55,826 - INFO - Scanning blocks from 20719522 to 20719522...
2024-09-10 10:08:55,827 - INFO - Scanning block 20719522...
2024-09-10 10:09:03,300 - INFO - Scanning blocks from 20719522 to 20719523...
2024-09-10 10:09:03,300 - INFO - Scanning block 20719522...
2024-09-10 10:09:03,689 - INFO - Scanning block 20719523...
2024-09-10 10:09:11,578 - INFO - Scanning blocks from 20719523 to 20719523...
2024-09-10 10:09:11,578 - INFO - Scanning block 20719523...
2024-09-10 10:09:20,194 - INFO - Scanning blocks from 20719524 to 20719524...
2024-09-10 10:09:20,194 - INFO - Scanning block 20719524...
2024-09-10 10:09:20,863 - INFO - Valid deposit detected: c27dca73af032d286413019c0adece9366494144f301285a3ac9d71fd389c3f1, value: 32 ETH
2024-09-10 10:09:22,350 - INFO - Deposit saved: c27dca73af032d286413019c0adece9366494144f301285a3ac9d71fd389c3f1 from 0x5a0036bcaB4501E70F086C634e2958A8BeaE3a11, amount: 32 ETH
2024-09-10 10:09:27,566 - INFO - Scanning blocks from 20719524 to 20719525...
2024-09-10 10:09:27,566 - INFO - Scanning block 20719524...
2024-09-10 10:09:28,030 - INFO - Valid deposit detected: c27dca73af032d286413019c0adece9366494144f301285a3ac9d71fd389c3f1, value: 32 ETH
2024-09-10 10:09:28,840 - INFO - Deposit already exists: c27dca73af032d286413019c0adece9366494144f301285a3ac9d71fd389c3f1
2024-09-10 10:09:28,841 - INFO - Scanning block 20719525...
2024-09-10 10:09:37,689 - INFO - Scanning blocks from 20719525 to 20719526...
2024-09-10 10:09:37,689 - INFO - Scanning block 20719525...
2024-09-10 10:09:38,106 - INFO - Scanning block 20719526...
2024-09-10 10:09:44,764 - INFO - Scanning blocks from 20719526 to 20719526...
2024-09-10 10:09:44,764 - INFO - Scanning block 20719526...
2024-09-10 10:09:54,709 - INFO - Scanning blocks from 20719527 to 20719527...
2024-09-10 10:09:54,709 - INFO - Scanning block 20719527...
2024-09-10 10:10:01,039 - INFO - Scanning blocks from 20719527 to 20719528...
2024-09-10 10:10:01,039 - INFO - Scanning block 20719527...
2024-09-10 10:10:01,470 - INFO - Scanning block 20719528...
2024-09-10 10:10:10,525 - INFO - Scanning blocks from 20719528 to 20719528...
2024-09-10 10:10:10,525 - INFO - Scanning block 20719528...
2024-09-10 10:10:17,206 - INFO - Scanning blocks from 20719529 to 20719529...
2024-09-10 10:10:17,206 - INFO - Scanning block 20719529...
2024-09-10 10:10:17,597 - INFO - Valid deposit detected: f2a8115a348fcc4b1e4d2fe4475706293d42da7af1db53060b3e77804eed3f85, value: 32 ETH
2024-09-10 10:10:18,420 - INFO - Deposit already exists: f2a8115a348fcc4b1e4d2fe4475706293d42da7af1db53060b3e77804eed3f85
2024-09-10 10:10:26,794 - INFO - Scanning blocks from 20719529 to 20719530...
2024-09-10 10:10:26,794 - INFO - Scanning block 20719529...
2024-09-10 10:10:27,253 - INFO - Valid deposit detected: f2a8115a348fcc4b1e4d2fe4475706293d42da7af1db53060b3e77804eed3f85, value: 32 ETH
2024-09-10 10:10:27,851 - INFO - Deposit already exists: f2a8115a348fcc4b1e4d2fe4475706293d42da7af1db53060b3e77804eed3f85
2024-09-10 10:10:27,852 - INFO - Scanning block 20719530...
2024-09-10 10:10:33,748 - INFO - Scanning blocks from 20719530 to 20719530...
2024-09-10 10:10:33,749 - INFO - Scanning block 20719530...
2024-09-10 10:10:36,590 - INFO - /Users/amalvatsa/Desktop/eth_tracker_project/tracker/utils.py changed, reloading.
